------------------------------------------------------------
/usr/bin/pip run on Mon Nov 16 04:58:10 2015
Downloading/unpacking markdown
  Getting page https://pypi.python.org/simple/markdown/
  URLs to search for versions for markdown:
  * https://pypi.python.org/simple/markdown/
  Analyzing links from page https://pypi.python.org/simple/markdown/
    Skipping link https://pypi.python.org/packages/any/M/Markdown/Markdown-2.0.1.win32.exe#md5=aff3e3a57ae7debc6f6158a57b4b0a65 (from https://pypi.python.org/simple/markdown/); unknown archive format: .exe
    Skipping link https://pypi.python.org/packages/any/M/Markdown/Markdown-2.0.2.win32.exe#md5=5e1afafbfffdbe0aacc0050c6c551475 (from https://pypi.python.org/simple/markdown/); unknown archive format: .exe
    Skipping link https://pypi.python.org/packages/any/M/Markdown/Markdown-2.0.3.win32.exe#md5=def85b9bd03ce80815098f0dce8067ae (from https://pypi.python.org/simple/markdown/); unknown archive format: .exe
    Skipping link https://pypi.python.org/packages/any/M/Markdown/Markdown-2.0.win32.exe#md5=106839ccef3b40f59ff03d7ad43346bb (from https://pypi.python.org/simple/markdown/); unknown archive format: .exe
    Skipping link https://pypi.python.org/packages/any/M/Markdown/Markdown-2.1.0.win32.exe#md5=1bd93538d4c4d6c1e154358737879f01 (from https://pypi.python.org/simple/markdown/); unknown archive format: .exe
    Skipping link https://pypi.python.org/packages/any/M/Markdown/Markdown-2.4.win-amd64.exe#md5=87479a3d05c9c05a1ab5d610ee4f99ec (from https://pypi.python.org/simple/markdown/); unknown archive format: .exe
    Found link https://pypi.python.org/packages/any/M/Markdown/Markdown-2.6.2-py2.py3-none-any.whl#md5=0d2f6fdf5c5747a3ae9ce6aab6cfe659 (from https://pypi.python.org/simple/markdown/), version: 2.6.2
    Skipping link https://pypi.python.org/packages/any/M/Markdown/markdown-1.7.win32.exe#md5=a64e3615d973f21f8ca3cfb571e567ec (from https://pypi.python.org/simple/markdown/); unknown archive format: .exe
    Found link https://pypi.python.org/packages/source/M/Markdown/Markdown-2.0.1.tar.gz#md5=bfdb2171faeb410d6099653da90b9bf7 (from https://pypi.python.org/simple/markdown/), version: 2.0.1
    Found link https://pypi.python.org/packages/source/M/Markdown/Markdown-2.0.1.zip#md5=cf948489ca763f4180245c62e23cd97b (from https://pypi.python.org/simple/markdown/), version: 2.0.1
    Found link https://pypi.python.org/packages/source/M/Markdown/Markdown-2.0.2.tar.gz#md5=3b4ae6bbb241b5e31667b5044d3a6104 (from https://pypi.python.org/simple/markdown/), version: 2.0.2
    Found link https://pypi.python.org/packages/source/M/Markdown/Markdown-2.0.2.zip#md5=a8c8c4fd317ee7a06c9b9b7347b3872d (from https://pypi.python.org/simple/markdown/), version: 2.0.2
    Found link https://pypi.python.org/packages/source/M/Markdown/Markdown-2.0.3.tar.gz#md5=751e8055be2433dfd1a82e0fb1b12f13 (from https://pypi.python.org/simple/markdown/), version: 2.0.3
    Found link https://pypi.python.org/packages/source/M/Markdown/Markdown-2.0.3.zip#md5=122418893e21e91109edbf6e082f830d (from https://pypi.python.org/simple/markdown/), version: 2.0.3
    Found link https://pypi.python.org/packages/source/M/Markdown/Markdown-2.0.tar.gz#md5=4db8d332f531de10370ebaf1d2615786 (from https://pypi.python.org/simple/markdown/), version: 2.0
    Found link https://pypi.python.org/packages/source/M/Markdown/Markdown-2.0.zip#md5=5dbf9bd2c3e03c8f454995ad8d5694e8 (from https://pypi.python.org/simple/markdown/), version: 2.0
    Found link https://pypi.python.org/packages/source/M/Markdown/Markdown-2.1.0.tar.gz#md5=be5796ec9210865e7df5d83f208a4f7f (from https://pypi.python.org/simple/markdown/), version: 2.1.0
    Found link https://pypi.python.org/packages/source/M/Markdown/Markdown-2.1.0.zip#md5=22f580f3cbd7ed94321ef8ed1a51e784 (from https://pypi.python.org/simple/markdown/), version: 2.1.0
    Found link https://pypi.python.org/packages/source/M/Markdown/Markdown-2.1.1.tar.gz#md5=3f82d30c488e4b88b8f86eb1c9ad0da7 (from https://pypi.python.org/simple/markdown/), version: 2.1.1
    Found link https://pypi.python.org/packages/source/M/Markdown/Markdown-2.1.1.zip#md5=9e951c9b38c48c478f6a57de29869374 (from https://pypi.python.org/simple/markdown/), version: 2.1.1
    Found link https://pypi.python.org/packages/source/M/Markdown/Markdown-2.2.0.tar.gz#md5=28dd4f54894b3af2615b08f50d2ce4bf (from https://pypi.python.org/simple/markdown/), version: 2.2.0
    Found link https://pypi.python.org/packages/source/M/Markdown/Markdown-2.2.0.zip#md5=a770ffcc97ad2b36b5cbb552e6c69cfc (from https://pypi.python.org/simple/markdown/), version: 2.2.0
    Found link https://pypi.python.org/packages/source/M/Markdown/Markdown-2.2.1.tar.gz#md5=9e002c8051fb346cae75060f3302048a (from https://pypi.python.org/simple/markdown/), version: 2.2.1
    Found link https://pypi.python.org/packages/source/M/Markdown/Markdown-2.2.1.zip#md5=67bd5f47864862708ede8eb85b1618ee (from https://pypi.python.org/simple/markdown/), version: 2.2.1
    Found link https://pypi.python.org/packages/source/M/Markdown/Markdown-2.3.1.tar.gz#md5=82f6828ec2292dda52fc38b743776bc6 (from https://pypi.python.org/simple/markdown/), version: 2.3.1
    Found link https://pypi.python.org/packages/source/M/Markdown/Markdown-2.3.1.zip#md5=39460227bfe10a8e8b88c90505226b90 (from https://pypi.python.org/simple/markdown/), version: 2.3.1
    Found link https://pypi.python.org/packages/source/M/Markdown/Markdown-2.3.tar.gz#md5=f33677b74fd8e5c8553dbc065787ded3 (from https://pypi.python.org/simple/markdown/), version: 2.3
    Found link https://pypi.python.org/packages/source/M/Markdown/Markdown-2.3.zip#md5=73b83624b7da5b862e6fb863c90042b6 (from https://pypi.python.org/simple/markdown/), version: 2.3
    Found link https://pypi.python.org/packages/source/M/Markdown/Markdown-2.4.1.tar.gz#md5=5e13d1b1f1da4838b7a5db157143e334 (from https://pypi.python.org/simple/markdown/), version: 2.4.1
    Found link https://pypi.python.org/packages/source/M/Markdown/Markdown-2.4.1.zip#md5=e01de430f99f158810fb3498c1549b0b (from https://pypi.python.org/simple/markdown/), version: 2.4.1
    Found link https://pypi.python.org/packages/source/M/Markdown/Markdown-2.4.tar.gz#md5=4bb9b82f617cac599b399b635fe2356b (from https://pypi.python.org/simple/markdown/), version: 2.4
    Found link https://pypi.python.org/packages/source/M/Markdown/Markdown-2.4.zip#md5=b8d6b7ef35a14016ad46086e0df560ce (from https://pypi.python.org/simple/markdown/), version: 2.4
    Found link https://pypi.python.org/packages/source/M/Markdown/Markdown-2.5.1.tar.gz#md5=9effb2679302efb1ce14265cb9e46f96 (from https://pypi.python.org/simple/markdown/), version: 2.5.1
    Found link https://pypi.python.org/packages/source/M/Markdown/Markdown-2.5.1.zip#md5=1cd3461285b0ed1fcfde212896f6854c (from https://pypi.python.org/simple/markdown/), version: 2.5.1
    Found link https://pypi.python.org/packages/source/M/Markdown/Markdown-2.5.2.tar.gz#md5=db9e3175f4638bfd1574996bf471ea96 (from https://pypi.python.org/simple/markdown/), version: 2.5.2
    Found link https://pypi.python.org/packages/source/M/Markdown/Markdown-2.5.2.zip#md5=06d43cc1c9fedcfbad13ad5b7d59dc86 (from https://pypi.python.org/simple/markdown/), version: 2.5.2
    Found link https://pypi.python.org/packages/source/M/Markdown/Markdown-2.5.tar.gz#md5=37d4ef8512c595ea5c2ce70ce3a6c2ea (from https://pypi.python.org/simple/markdown/), version: 2.5
    Found link https://pypi.python.org/packages/source/M/Markdown/Markdown-2.5.zip#md5=053e5614f7efc06ac0fcd6954678096c (from https://pypi.python.org/simple/markdown/), version: 2.5
    Found link https://pypi.python.org/packages/source/M/Markdown/Markdown-2.6.1.tar.gz#md5=c084f9d2fd0a839639fd9aa8c442d5cd (from https://pypi.python.org/simple/markdown/), version: 2.6.1
    Found link https://pypi.python.org/packages/source/M/Markdown/Markdown-2.6.1.zip#md5=5aac499eded42a0c9b5049d533e6a0e8 (from https://pypi.python.org/simple/markdown/), version: 2.6.1
    Found link https://pypi.python.org/packages/source/M/Markdown/Markdown-2.6.2.tar.gz#md5=256d19afcc564dc4ce4c229bb762f7ae (from https://pypi.python.org/simple/markdown/), version: 2.6.2
    Found link https://pypi.python.org/packages/source/M/Markdown/Markdown-2.6.2.zip#md5=3abd47d1b00a2620d12ea41cec0881bf (from https://pypi.python.org/simple/markdown/), version: 2.6.2
    Found link https://pypi.python.org/packages/source/M/Markdown/Markdown-2.6.3.tar.gz#md5=4a05b6da0908ebda635eb29c56e8a581 (from https://pypi.python.org/simple/markdown/), version: 2.6.3
    Found link https://pypi.python.org/packages/source/M/Markdown/Markdown-2.6.3.zip#md5=a7d591ed3117cf5fb9a31248530c0052 (from https://pypi.python.org/simple/markdown/), version: 2.6.3
    Found link https://pypi.python.org/packages/source/M/Markdown/Markdown-2.6.4.tar.gz#md5=4e8b4d22af82e0d92811938fb283be90 (from https://pypi.python.org/simple/markdown/), version: 2.6.4
    Found link https://pypi.python.org/packages/source/M/Markdown/Markdown-2.6.4.zip#md5=e7a7f38404cd81de0a7ba772f9e55fe0 (from https://pypi.python.org/simple/markdown/), version: 2.6.4
    Found link https://pypi.python.org/packages/source/M/Markdown/Markdown-2.6.tar.gz#md5=8667532c78fc3b411be979447ea21be2 (from https://pypi.python.org/simple/markdown/), version: 2.6
    Found link https://pypi.python.org/packages/source/M/Markdown/Markdown-2.6.zip#md5=07a6ab84041d5fd329dd92b16fedbab4 (from https://pypi.python.org/simple/markdown/), version: 2.6
    Found link https://pypi.python.org/packages/source/M/Markdown/markdown-1.7.tar.gz#md5=4297ebcdedc92b4bc7bc9ecd01053565 (from https://pypi.python.org/simple/markdown/), version: 1.7
    Found link https://pypi.python.org/packages/source/M/Markdown/markdown-1.7.zip#md5=99b1721d723e8c64381fc023d23b202a (from https://pypi.python.org/simple/markdown/), version: 1.7
  Using version 2.6.4 (newest of versions: 2.6.4, 2.6.4, 2.6.3, 2.6.3, 2.6.2, 2.6.2, 2.6.2, 2.6.1, 2.6.1, 2.6, 2.6, 2.5.2, 2.5.2, 2.5.1, 2.5.1, 2.5, 2.5, 2.4.1, 2.4.1, 2.4, 2.4, 2.3.1, 2.3.1, 2.3, 2.3, 2.2.1, 2.2.1, 2.2.0, 2.2.0, 2.1.1, 2.1.1, 2.1.0, 2.1.0, 2.0.3, 2.0.3, 2.0.2, 2.0.2, 2.0.1, 2.0.1, 2.0, 2.0, 1.7, 1.7)
  Downloading from URL https://pypi.python.org/packages/source/M/Markdown/Markdown-2.6.4.tar.gz#md5=4e8b4d22af82e0d92811938fb283be90 (from https://pypi.python.org/simple/markdown/)
  Running setup.py (path:/tmp/pip_build_ubuntu/markdown/setup.py) egg_info for package markdown
    running egg_info
    creating pip-egg-info/Markdown.egg-info
    writing pip-egg-info/Markdown.egg-info/PKG-INFO
    writing top-level names to pip-egg-info/Markdown.egg-info/top_level.txt
    writing dependency_links to pip-egg-info/Markdown.egg-info/dependency_links.txt
    writing manifest file 'pip-egg-info/Markdown.egg-info/SOURCES.txt'
    warning: manifest_maker: standard file '-c' not found
    
    reading manifest file 'pip-egg-info/Markdown.egg-info/SOURCES.txt'
    writing manifest file 'pip-egg-info/Markdown.egg-info/SOURCES.txt'
  Source in /tmp/pip_build_ubuntu/markdown has version 2.6.4, which satisfies requirement markdown
Installing collected packages: markdown
  Running setup.py install for markdown
    Running command /usr/bin/python -c "import setuptools, tokenize;__file__='/tmp/pip_build_ubuntu/markdown/setup.py';exec(compile(getattr(tokenize, 'open', open)(__file__).read().replace('\r\n', '\n'), __file__, 'exec'))" install --record /tmp/pip-1HBmfP-record/install-record.txt --single-version-externally-managed --compile
    running install
    running build
    running build_py
    creating build
    creating build/lib.linux-x86_64-2.7
    creating build/lib.linux-x86_64-2.7/markdown
    copying markdown/util.py -> build/lib.linux-x86_64-2.7/markdown
    copying markdown/blockprocessors.py -> build/lib.linux-x86_64-2.7/markdown
    copying markdown/odict.py -> build/lib.linux-x86_64-2.7/markdown
    copying markdown/blockparser.py -> build/lib.linux-x86_64-2.7/markdown
    copying markdown/treeprocessors.py -> build/lib.linux-x86_64-2.7/markdown
    copying markdown/__main__.py -> build/lib.linux-x86_64-2.7/markdown
    copying markdown/__init__.py -> build/lib.linux-x86_64-2.7/markdown
    copying markdown/preprocessors.py -> build/lib.linux-x86_64-2.7/markdown
    copying markdown/postprocessors.py -> build/lib.linux-x86_64-2.7/markdown
    copying markdown/__version__.py -> build/lib.linux-x86_64-2.7/markdown
    copying markdown/inlinepatterns.py -> build/lib.linux-x86_64-2.7/markdown
    copying markdown/serializers.py -> build/lib.linux-x86_64-2.7/markdown
    creating build/lib.linux-x86_64-2.7/markdown/extensions
    copying markdown/extensions/def_list.py -> build/lib.linux-x86_64-2.7/markdown/extensions
    copying markdown/extensions/headerid.py -> build/lib.linux-x86_64-2.7/markdown/extensions
    copying markdown/extensions/abbr.py -> build/lib.linux-x86_64-2.7/markdown/extensions
    copying markdown/extensions/sane_lists.py -> build/lib.linux-x86_64-2.7/markdown/extensions
    copying markdown/extensions/admonition.py -> build/lib.linux-x86_64-2.7/markdown/extensions
    copying markdown/extensions/nl2br.py -> build/lib.linux-x86_64-2.7/markdown/extensions
    copying markdown/extensions/codehilite.py -> build/lib.linux-x86_64-2.7/markdown/extensions
    copying markdown/extensions/attr_list.py -> build/lib.linux-x86_64-2.7/markdown/extensions
    copying markdown/extensions/extra.py -> build/lib.linux-x86_64-2.7/markdown/extensions
    copying markdown/extensions/footnotes.py -> build/lib.linux-x86_64-2.7/markdown/extensions
    copying markdown/extensions/wikilinks.py -> build/lib.linux-x86_64-2.7/markdown/extensions
    copying markdown/extensions/tables.py -> build/lib.linux-x86_64-2.7/markdown/extensions
    copying markdown/extensions/__init__.py -> build/lib.linux-x86_64-2.7/markdown/extensions
    copying markdown/extensions/meta.py -> build/lib.linux-x86_64-2.7/markdown/extensions
    copying markdown/extensions/smart_strong.py -> build/lib.linux-x86_64-2.7/markdown/extensions
    copying markdown/extensions/toc.py -> build/lib.linux-x86_64-2.7/markdown/extensions
    copying markdown/extensions/fenced_code.py -> build/lib.linux-x86_64-2.7/markdown/extensions
    copying markdown/extensions/smarty.py -> build/lib.linux-x86_64-2.7/markdown/extensions
    running build_scripts
    creating build/scripts-2.7
    copying and adjusting bin/markdown_py -> build/scripts-2.7
    changing mode of build/scripts-2.7/markdown_py from 644 to 755
    running build_docs
    creating build/docs
    copying docs/py.png -> build/docs
    copying docs/siteindex.txt -> build/docs
    Converting docs/siteindex.txt -> build/docs/siteindex.html
    copying docs/default.css -> build/docs
    copying docs/install.txt -> build/docs
    Converting docs/install.txt -> build/docs/install.html
    copying docs/reference.txt -> build/docs
    Converting docs/reference.txt -> build/docs/reference.html
    copying docs/release-2.0.1.txt -> build/docs
    Converting docs/release-2.0.1.txt -> build/docs/release-2.0.1.html
    copying docs/release-2.1.0.txt -> build/docs
    Converting docs/release-2.1.0.txt -> build/docs/release-2.1.0.html
    copying docs/release-2.2.1.txt -> build/docs
    Converting docs/release-2.2.1.txt -> build/docs/release-2.2.1.html
    copying docs/release-2.4.txt -> build/docs
    Converting docs/release-2.4.txt -> build/docs/release-2.4.html
    copying docs/change_log.txt -> build/docs
    Converting docs/change_log.txt -> build/docs/change_log.html
    copying docs/basic.css -> build/docs
    copying docs/authors.txt -> build/docs
    Converting docs/authors.txt -> build/docs/authors.html
    copying docs/release-2.5.txt -> build/docs
    Converting docs/release-2.5.txt -> build/docs/release-2.5.html
    copying docs/test_suite.txt -> build/docs
    Converting docs/test_suite.txt -> build/docs/test_suite.html
    copying docs/release-2.6.txt -> build/docs
    Converting docs/release-2.6.txt -> build/docs/release-2.6.html
    copying docs/release-2.0.2.txt -> build/docs
    Converting docs/release-2.0.2.txt -> build/docs/release-2.0.2.html
    copying docs/release-2.1.1.txt -> build/docs
    Converting docs/release-2.1.1.txt -> build/docs/release-2.1.1.html
    copying docs/release-2.2.0.txt -> build/docs
    Converting docs/release-2.2.0.txt -> build/docs/release-2.2.0.html
    copying docs/cli.txt -> build/docs
    Converting docs/cli.txt -> build/docs/cli.html
    copying docs/release-2.3.txt -> build/docs
    Converting docs/release-2.3.txt -> build/docs/release-2.3.html
    copying docs/release-2.0.txt -> build/docs
    Converting docs/release-2.0.txt -> build/docs/release-2.0.html
    copying docs/index.txt -> build/docs
    Converting docs/index.txt -> build/docs/index.html
    creating build/docs/extensions
    copying docs/extensions/api.txt -> build/docs/extensions
    Converting docs/extensions/api.txt -> build/docs/extensions/api.html
    copying docs/extensions/attr_list.txt -> build/docs/extensions
    Converting docs/extensions/attr_list.txt -> build/docs/extensions/attr_list.html
    copying docs/extensions/fenced_code_blocks.txt -> build/docs/extensions
    Converting docs/extensions/fenced_code_blocks.txt -> build/docs/extensions/fenced_code_blocks.html
    copying docs/extensions/meta_data.txt -> build/docs/extensions
    Converting docs/extensions/meta_data.txt -> build/docs/extensions/meta_data.html
    copying docs/extensions/code_hilite.txt -> build/docs/extensions
    Converting docs/extensions/code_hilite.txt -> build/docs/extensions/code_hilite.html
    copying docs/extensions/wikilinks.txt -> build/docs/extensions
    Converting docs/extensions/wikilinks.txt -> build/docs/extensions/wikilinks.html
    copying docs/extensions/nl2br.txt -> build/docs/extensions
    Converting docs/extensions/nl2br.txt -> build/docs/extensions/nl2br.html
    copying docs/extensions/definition_lists.txt -> build/docs/extensions
    Converting docs/extensions/definition_lists.txt -> build/docs/extensions/definition_lists.html
    copying docs/extensions/footnotes.txt -> build/docs/extensions
    Converting docs/extensions/footnotes.txt -> build/docs/extensions/footnotes.html
    copying docs/extensions/sane_lists.txt -> build/docs/extensions
    Converting docs/extensions/sane_lists.txt -> build/docs/extensions/sane_lists.html
    copying docs/extensions/smart_strong.txt -> build/docs/extensions
    Converting docs/extensions/smart_strong.txt -> build/docs/extensions/smart_strong.html
    copying docs/extensions/admonition.txt -> build/docs/extensions
    Converting docs/extensions/admonition.txt -> build/docs/extensions/admonition.html
    copying docs/extensions/smarty.txt -> build/docs/extensions
    Converting docs/extensions/smarty.txt -> build/docs/extensions/smarty.html
    copying docs/extensions/abbreviations.txt -> build/docs/extensions
    Converting docs/extensions/abbreviations.txt -> build/docs/extensions/abbreviations.html
    copying docs/extensions/toc.txt -> build/docs/extensions
    Converting docs/extensions/toc.txt -> build/docs/extensions/toc.html
    copying docs/extensions/header_id.txt -> build/docs/extensions
    Converting docs/extensions/header_id.txt -> build/docs/extensions/header_id.html
    copying docs/extensions/tables.txt -> build/docs/extensions
    Converting docs/extensions/tables.txt -> build/docs/extensions/tables.html
    copying docs/extensions/extra.txt -> build/docs/extensions
    Converting docs/extensions/extra.txt -> build/docs/extensions/extra.html
    copying docs/extensions/index.txt -> build/docs/extensions
    Converting docs/extensions/index.txt -> build/docs/extensions/index.html
    running install_lib
    creating /usr/local/lib/python2.7/dist-packages/markdown
    error: could not create '/usr/local/lib/python2.7/dist-packages/markdown': Permission denied
    Complete output from command /usr/bin/python -c "import setuptools, tokenize;__file__='/tmp/pip_build_ubuntu/markdown/setup.py';exec(compile(getattr(tokenize, 'open', open)(__file__).read().replace('\r\n', '\n'), __file__, 'exec'))" install --record /tmp/pip-1HBmfP-record/install-record.txt --single-version-externally-managed --compile:
    running install

running build

running build_py

creating build

creating build/lib.linux-x86_64-2.7

creating build/lib.linux-x86_64-2.7/markdown

copying markdown/util.py -> build/lib.linux-x86_64-2.7/markdown

copying markdown/blockprocessors.py -> build/lib.linux-x86_64-2.7/markdown

copying markdown/odict.py -> build/lib.linux-x86_64-2.7/markdown

copying markdown/blockparser.py -> build/lib.linux-x86_64-2.7/markdown

copying markdown/treeprocessors.py -> build/lib.linux-x86_64-2.7/markdown

copying markdown/__main__.py -> build/lib.linux-x86_64-2.7/markdown

copying markdown/__init__.py -> build/lib.linux-x86_64-2.7/markdown

copying markdown/preprocessors.py -> build/lib.linux-x86_64-2.7/markdown

copying markdown/postprocessors.py -> build/lib.linux-x86_64-2.7/markdown

copying markdown/__version__.py -> build/lib.linux-x86_64-2.7/markdown

copying markdown/inlinepatterns.py -> build/lib.linux-x86_64-2.7/markdown

copying markdown/serializers.py -> build/lib.linux-x86_64-2.7/markdown

creating build/lib.linux-x86_64-2.7/markdown/extensions

copying markdown/extensions/def_list.py -> build/lib.linux-x86_64-2.7/markdown/extensions

copying markdown/extensions/headerid.py -> build/lib.linux-x86_64-2.7/markdown/extensions

copying markdown/extensions/abbr.py -> build/lib.linux-x86_64-2.7/markdown/extensions

copying markdown/extensions/sane_lists.py -> build/lib.linux-x86_64-2.7/markdown/extensions

copying markdown/extensions/admonition.py -> build/lib.linux-x86_64-2.7/markdown/extensions

copying markdown/extensions/nl2br.py -> build/lib.linux-x86_64-2.7/markdown/extensions

copying markdown/extensions/codehilite.py -> build/lib.linux-x86_64-2.7/markdown/extensions

copying markdown/extensions/attr_list.py -> build/lib.linux-x86_64-2.7/markdown/extensions

copying markdown/extensions/extra.py -> build/lib.linux-x86_64-2.7/markdown/extensions

copying markdown/extensions/footnotes.py -> build/lib.linux-x86_64-2.7/markdown/extensions

copying markdown/extensions/wikilinks.py -> build/lib.linux-x86_64-2.7/markdown/extensions

copying markdown/extensions/tables.py -> build/lib.linux-x86_64-2.7/markdown/extensions

copying markdown/extensions/__init__.py -> build/lib.linux-x86_64-2.7/markdown/extensions

copying markdown/extensions/meta.py -> build/lib.linux-x86_64-2.7/markdown/extensions

copying markdown/extensions/smart_strong.py -> build/lib.linux-x86_64-2.7/markdown/extensions

copying markdown/extensions/toc.py -> build/lib.linux-x86_64-2.7/markdown/extensions

copying markdown/extensions/fenced_code.py -> build/lib.linux-x86_64-2.7/markdown/extensions

copying markdown/extensions/smarty.py -> build/lib.linux-x86_64-2.7/markdown/extensions

running build_scripts

creating build/scripts-2.7

copying and adjusting bin/markdown_py -> build/scripts-2.7

changing mode of build/scripts-2.7/markdown_py from 644 to 755

running build_docs

creating build/docs

copying docs/py.png -> build/docs

copying docs/siteindex.txt -> build/docs

Converting docs/siteindex.txt -> build/docs/siteindex.html

copying docs/default.css -> build/docs

copying docs/install.txt -> build/docs

Converting docs/install.txt -> build/docs/install.html

copying docs/reference.txt -> build/docs

Converting docs/reference.txt -> build/docs/reference.html

copying docs/release-2.0.1.txt -> build/docs

Converting docs/release-2.0.1.txt -> build/docs/release-2.0.1.html

copying docs/release-2.1.0.txt -> build/docs

Converting docs/release-2.1.0.txt -> build/docs/release-2.1.0.html

copying docs/release-2.2.1.txt -> build/docs

Converting docs/release-2.2.1.txt -> build/docs/release-2.2.1.html

copying docs/release-2.4.txt -> build/docs

Converting docs/release-2.4.txt -> build/docs/release-2.4.html

copying docs/change_log.txt -> build/docs

Converting docs/change_log.txt -> build/docs/change_log.html

copying docs/basic.css -> build/docs

copying docs/authors.txt -> build/docs

Converting docs/authors.txt -> build/docs/authors.html

copying docs/release-2.5.txt -> build/docs

Converting docs/release-2.5.txt -> build/docs/release-2.5.html

copying docs/test_suite.txt -> build/docs

Converting docs/test_suite.txt -> build/docs/test_suite.html

copying docs/release-2.6.txt -> build/docs

Converting docs/release-2.6.txt -> build/docs/release-2.6.html

copying docs/release-2.0.2.txt -> build/docs

Converting docs/release-2.0.2.txt -> build/docs/release-2.0.2.html

copying docs/release-2.1.1.txt -> build/docs

Converting docs/release-2.1.1.txt -> build/docs/release-2.1.1.html

copying docs/release-2.2.0.txt -> build/docs

Converting docs/release-2.2.0.txt -> build/docs/release-2.2.0.html

copying docs/cli.txt -> build/docs

Converting docs/cli.txt -> build/docs/cli.html

copying docs/release-2.3.txt -> build/docs

Converting docs/release-2.3.txt -> build/docs/release-2.3.html

copying docs/release-2.0.txt -> build/docs

Converting docs/release-2.0.txt -> build/docs/release-2.0.html

copying docs/index.txt -> build/docs

Converting docs/index.txt -> build/docs/index.html

creating build/docs/extensions

copying docs/extensions/api.txt -> build/docs/extensions

Converting docs/extensions/api.txt -> build/docs/extensions/api.html

copying docs/extensions/attr_list.txt -> build/docs/extensions

Converting docs/extensions/attr_list.txt -> build/docs/extensions/attr_list.html

copying docs/extensions/fenced_code_blocks.txt -> build/docs/extensions

Converting docs/extensions/fenced_code_blocks.txt -> build/docs/extensions/fenced_code_blocks.html

copying docs/extensions/meta_data.txt -> build/docs/extensions

Converting docs/extensions/meta_data.txt -> build/docs/extensions/meta_data.html

copying docs/extensions/code_hilite.txt -> build/docs/extensions

Converting docs/extensions/code_hilite.txt -> build/docs/extensions/code_hilite.html

copying docs/extensions/wikilinks.txt -> build/docs/extensions

Converting docs/extensions/wikilinks.txt -> build/docs/extensions/wikilinks.html

copying docs/extensions/nl2br.txt -> build/docs/extensions

Converting docs/extensions/nl2br.txt -> build/docs/extensions/nl2br.html

copying docs/extensions/definition_lists.txt -> build/docs/extensions

Converting docs/extensions/definition_lists.txt -> build/docs/extensions/definition_lists.html

copying docs/extensions/footnotes.txt -> build/docs/extensions

Converting docs/extensions/footnotes.txt -> build/docs/extensions/footnotes.html

copying docs/extensions/sane_lists.txt -> build/docs/extensions

Converting docs/extensions/sane_lists.txt -> build/docs/extensions/sane_lists.html

copying docs/extensions/smart_strong.txt -> build/docs/extensions

Converting docs/extensions/smart_strong.txt -> build/docs/extensions/smart_strong.html

copying docs/extensions/admonition.txt -> build/docs/extensions

Converting docs/extensions/admonition.txt -> build/docs/extensions/admonition.html

copying docs/extensions/smarty.txt -> build/docs/extensions

Converting docs/extensions/smarty.txt -> build/docs/extensions/smarty.html

copying docs/extensions/abbreviations.txt -> build/docs/extensions

Converting docs/extensions/abbreviations.txt -> build/docs/extensions/abbreviations.html

copying docs/extensions/toc.txt -> build/docs/extensions

Converting docs/extensions/toc.txt -> build/docs/extensions/toc.html

copying docs/extensions/header_id.txt -> build/docs/extensions

Converting docs/extensions/header_id.txt -> build/docs/extensions/header_id.html

copying docs/extensions/tables.txt -> build/docs/extensions

Converting docs/extensions/tables.txt -> build/docs/extensions/tables.html

copying docs/extensions/extra.txt -> build/docs/extensions

Converting docs/extensions/extra.txt -> build/docs/extensions/extra.html

copying docs/extensions/index.txt -> build/docs/extensions

Converting docs/extensions/index.txt -> build/docs/extensions/index.html

running install_lib

creating /usr/local/lib/python2.7/dist-packages/markdown

error: could not create '/usr/local/lib/python2.7/dist-packages/markdown': Permission denied

----------------------------------------
Cleaning up...
  Removing temporary dir /tmp/pip_build_ubuntu...
Command /usr/bin/python -c "import setuptools, tokenize;__file__='/tmp/pip_build_ubuntu/markdown/setup.py';exec(compile(getattr(tokenize, 'open', open)(__file__).read().replace('\r\n', '\n'), __file__, 'exec'))" install --record /tmp/pip-1HBmfP-record/install-record.txt --single-version-externally-managed --compile failed with error code 1 in /tmp/pip_build_ubuntu/markdown
Exception information:
Traceback (most recent call last):
  File "/usr/lib/python2.7/dist-packages/pip/basecommand.py", line 122, in main
    status = self.run(options, args)
  File "/usr/lib/python2.7/dist-packages/pip/commands/install.py", line 283, in run
    requirement_set.install(install_options, global_options, root=options.root_path)
  File "/usr/lib/python2.7/dist-packages/pip/req.py", line 1436, in install
    requirement.install(install_options, global_options, *args, **kwargs)
  File "/usr/lib/python2.7/dist-packages/pip/req.py", line 707, in install
    cwd=self.source_dir, filter_stdout=self._filter_install, show_stdout=False)
  File "/usr/lib/python2.7/dist-packages/pip/util.py", line 715, in call_subprocess
    % (command_desc, proc.returncode, cwd))
InstallationError: Command /usr/bin/python -c "import setuptools, tokenize;__file__='/tmp/pip_build_ubuntu/markdown/setup.py';exec(compile(getattr(tokenize, 'open', open)(__file__).read().replace('\r\n', '\n'), __file__, 'exec'))" install --record /tmp/pip-1HBmfP-record/install-record.txt --single-version-externally-managed --compile failed with error code 1 in /tmp/pip_build_ubuntu/markdown
